0 info it worked if it ends with ok
1 verbose cli [ '/Users/Arnold/.meteor/packages/meteor-tool/.1.4.1_1.1h0re2h++os.osx.x86_64+web.browser+web.cordova/mt-os.osx.x86_64/dev_bundle/bin/node',
1 verbose cli   '/Users/Arnold/.meteor/packages/meteor-tool/.1.4.1_1.1h0re2h++os.osx.x86_64+web.browser+web.cordova/mt-os.osx.x86_64/dev_bundle/bin/npm',
1 verbose cli   'install',
1 verbose cli   '--save',
1 verbose cli   'react-pure-render/function' ]
2 info using npm@3.10.6
3 info using node@v4.5.0
4 silly loadCurrentTree Starting
5 silly install loadCurrentTree
6 silly install readLocalPackageData
7 silly fetchPackageMetaData react-pure-render/function
8 silly fetchOtherPackageData react-pure-render/function
9 silly cache add args [ 'react-pure-render/function', null ]
10 verbose cache add spec react-pure-render/function
11 silly cache add parsed spec Result {
11 silly cache add   raw: 'react-pure-render/function',
11 silly cache add   scope: null,
11 silly cache add   escapedName: null,
11 silly cache add   name: null,
11 silly cache add   rawSpec: 'react-pure-render/function',
11 silly cache add   spec: 'github:react-pure-render/function',
11 silly cache add   type: 'hosted',
11 silly cache add   hosted:
11 silly cache add    { type: 'github',
11 silly cache add      ssh: 'git@github.com:react-pure-render/function.git',
11 silly cache add      sshUrl: 'git+ssh://git@github.com/react-pure-render/function.git',
11 silly cache add      httpsUrl: 'git+https://github.com/react-pure-render/function.git',
11 silly cache add      gitUrl: 'git://github.com/react-pure-render/function.git',
11 silly cache add      shortcut: 'github:react-pure-render/function',
11 silly cache add      directUrl: 'https://raw.githubusercontent.com/react-pure-render/function/master/package.json' } }
12 verbose addRemoteGit caching react-pure-render/function
13 verbose addRemoteGit react-pure-render/function is a repository hosted by github
14 silly tryGitProto attempting to clone git://github.com/react-pure-render/function.git
15 silly tryClone cloning react-pure-render/function via git://github.com/react-pure-render/function.git
16 verbose tryClone git-github-com-react-pure-render-function-git-0bcbbfa1 not in flight; caching
17 verbose correctMkdir /Users/Arnold/.npm/_git-remotes correctMkdir not in flight; initializing
18 info git [ 'clone',
18 info git   '--template=/Users/Arnold/.npm/_git-remotes/_templates',
18 info git   '--mirror',
18 info git   'git://github.com/react-pure-render/function.git',
18 info git   '/Users/Arnold/.npm/_git-remotes/git-github-com-react-pure-render-function-git-0bcbbfa1' ]
19 verbose git clone --template=/Users/Arnold/.npm/_git-remotes/_templates --mirror git://github.com/react-pure-render/function.git /Users/Arnold/.npm/_git-remotes/git-github-com-react-pure-render-function-git-0bcbbfa1: Cloning into bare repository '/Users/Arnold/.npm/_git-remotes/git-github-com-react-pure-render-function-git-0bcbbfa1'...
19 verbose git clone --template=/Users/Arnold/.npm/_git-remotes/_templates --mirror git://github.com/react-pure-render/function.git /Users/Arnold/.npm/_git-remotes/git-github-com-react-pure-render-function-git-0bcbbfa1: fatal: remote error:
19 verbose git clone --template=/Users/Arnold/.npm/_git-remotes/_templates --mirror git://github.com/react-pure-render/function.git /Users/Arnold/.npm/_git-remotes/git-github-com-react-pure-render-function-git-0bcbbfa1:   Repository not found.
20 silly tryHTTPS attempting to clone git+https://github.com/react-pure-render/function.git
21 silly tryClone cloning react-pure-render/function via git+https://github.com/react-pure-render/function.git
22 verbose tryClone git-https-github-com-react-pure-render-function-git-d65a147d not in flight; caching
23 verbose correctMkdir /Users/Arnold/.npm/_git-remotes correctMkdir not in flight; initializing
24 info git [ 'clone',
24 info git   '--template=/Users/Arnold/.npm/_git-remotes/_templates',
24 info git   '--mirror',
24 info git   'https://github.com/react-pure-render/function.git',
24 info git   '/Users/Arnold/.npm/_git-remotes/git-https-github-com-react-pure-render-function-git-d65a147d' ]
25 verbose git clone --template=/Users/Arnold/.npm/_git-remotes/_templates --mirror https://github.com/react-pure-render/function.git /Users/Arnold/.npm/_git-remotes/git-https-github-com-react-pure-render-function-git-d65a147d: Cloning into bare repository '/Users/Arnold/.npm/_git-remotes/git-https-github-com-react-pure-render-function-git-d65a147d'...
25 verbose git clone --template=/Users/Arnold/.npm/_git-remotes/_templates --mirror https://github.com/react-pure-render/function.git /Users/Arnold/.npm/_git-remotes/git-https-github-com-react-pure-render-function-git-d65a147d: remote: Repository not found.
25 verbose git clone --template=/Users/Arnold/.npm/_git-remotes/_templates --mirror https://github.com/react-pure-render/function.git /Users/Arnold/.npm/_git-remotes/git-https-github-com-react-pure-render-function-git-d65a147d: fatal: repository 'https://github.com/react-pure-render/function.git/' not found
26 silly trySSH attempting to clone git@github.com:react-pure-render/function.git
27 silly tryClone cloning react-pure-render/function via git@github.com:react-pure-render/function.git
28 verbose tryClone git-github-com-react-pure-render-function-git-24f14fea not in flight; caching
29 verbose correctMkdir /Users/Arnold/.npm/_git-remotes correctMkdir not in flight; initializing
30 info git [ 'clone',
30 info git   '--template=/Users/Arnold/.npm/_git-remotes/_templates',
30 info git   '--mirror',
30 info git   'git@github.com:react-pure-render/function.git',
30 info git   '/Users/Arnold/.npm/_git-remotes/git-github-com-react-pure-render-function-git-24f14fea' ]
31 error git clone --template=/Users/Arnold/.npm/_git-remotes/_templates --mirror git@github.com:react-pure-render/function.git /Users/Arnold/.npm/_git-remotes/git-github-com-react-pure-render-function-git-24f14fea: Cloning into bare repository '/Users/Arnold/.npm/_git-remotes/git-github-com-react-pure-render-function-git-24f14fea'...
31 error git clone --template=/Users/Arnold/.npm/_git-remotes/_templates --mirror git@github.com:react-pure-render/function.git /Users/Arnold/.npm/_git-remotes/git-github-com-react-pure-render-function-git-24f14fea: ERROR: Repository not found.
31 error git clone --template=/Users/Arnold/.npm/_git-remotes/_templates --mirror git@github.com:react-pure-render/function.git /Users/Arnold/.npm/_git-remotes/git-github-com-react-pure-render-function-git-24f14fea: fatal: Could not read from remote repository.
31 error git clone --template=/Users/Arnold/.npm/_git-remotes/_templates --mirror git@github.com:react-pure-render/function.git /Users/Arnold/.npm/_git-remotes/git-github-com-react-pure-render-function-git-24f14fea:
31 error git clone --template=/Users/Arnold/.npm/_git-remotes/_templates --mirror git@github.com:react-pure-render/function.git /Users/Arnold/.npm/_git-remotes/git-github-com-react-pure-render-function-git-24f14fea: Please make sure you have the correct access rights
31 error git clone --template=/Users/Arnold/.npm/_git-remotes/_templates --mirror git@github.com:react-pure-render/function.git /Users/Arnold/.npm/_git-remotes/git-github-com-react-pure-render-function-git-24f14fea: and the repository exists.
32 silly fetchPackageMetaData Error: Command failed: git clone --template=/Users/Arnold/.npm/_git-remotes/_templates --mirror git@github.com:react-pure-render/function.git /Users/Arnold/.npm/_git-remotes/git-github-com-react-pure-render-function-git-24f14fea
32 silly fetchPackageMetaData Cloning into bare repository '/Users/Arnold/.npm/_git-remotes/git-github-com-react-pure-render-function-git-24f14fea'...
32 silly fetchPackageMetaData ERROR: Repository not found.
32 silly fetchPackageMetaData fatal: Could not read from remote repository.
32 silly fetchPackageMetaData
32 silly fetchPackageMetaData Please make sure you have the correct access rights
32 silly fetchPackageMetaData and the repository exists.
32 silly fetchPackageMetaData
32 silly fetchPackageMetaData     at ChildProcess.exithandler (child_process.js:213:12)
32 silly fetchPackageMetaData     at emitTwo (events.js:87:13)
32 silly fetchPackageMetaData     at ChildProcess.emit (events.js:172:7)
32 silly fetchPackageMetaData     at maybeClose (internal/child_process.js:829:16)
32 silly fetchPackageMetaData     at Socket.<anonymous> (internal/child_process.js:319:11)
32 silly fetchPackageMetaData     at emitOne (events.js:77:13)
32 silly fetchPackageMetaData     at Socket.emit (events.js:169:7)
32 silly fetchPackageMetaData     at Pipe._onclose (net.js:486:12)
32 silly fetchPackageMetaData  error for react-pure-render/function { [Error: Command failed: git clone --template=/Users/Arnold/.npm/_git-remotes/_templates --mirror git@github.com:react-pure-render/function.git /Users/Arnold/.npm/_git-remotes/git-github-com-react-pure-render-function-git-24f14fea
32 silly fetchPackageMetaData Cloning into bare repository '/Users/Arnold/.npm/_git-remotes/git-github-com-react-pure-render-function-git-24f14fea'...
32 silly fetchPackageMetaData ERROR: Repository not found.
32 silly fetchPackageMetaData fatal: Could not read from remote repository.
32 silly fetchPackageMetaData
32 silly fetchPackageMetaData Please make sure you have the correct access rights
32 silly fetchPackageMetaData and the repository exists.
32 silly fetchPackageMetaData ]
32 silly fetchPackageMetaData   killed: false,
32 silly fetchPackageMetaData   code: 128,
32 silly fetchPackageMetaData   signal: null,
32 silly fetchPackageMetaData   cmd: 'git clone --template=/Users/Arnold/.npm/_git-remotes/_templates --mirror git@github.com:react-pure-render/function.git /Users/Arnold/.npm/_git-remotes/git-github-com-react-pure-render-function-git-24f14fea' }
33 silly rollbackFailedOptional Starting
34 silly rollbackFailedOptional Finishing
35 silly runTopLevelLifecycles Starting
36 silly runTopLevelLifecycles Finishing
37 silly install printInstalled
38 verbose stack Error: Command failed: git clone --template=/Users/Arnold/.npm/_git-remotes/_templates --mirror git@github.com:react-pure-render/function.git /Users/Arnold/.npm/_git-remotes/git-github-com-react-pure-render-function-git-24f14fea
38 verbose stack Cloning into bare repository '/Users/Arnold/.npm/_git-remotes/git-github-com-react-pure-render-function-git-24f14fea'...
38 verbose stack ERROR: Repository not found.
38 verbose stack fatal: Could not read from remote repository.
38 verbose stack
38 verbose stack Please make sure you have the correct access rights
38 verbose stack and the repository exists.
38 verbose stack
38 verbose stack     at ChildProcess.exithandler (child_process.js:213:12)
38 verbose stack     at emitTwo (events.js:87:13)
38 verbose stack     at ChildProcess.emit (events.js:172:7)
38 verbose stack     at maybeClose (internal/child_process.js:829:16)
38 verbose stack     at Socket.<anonymous> (internal/child_process.js:319:11)
38 verbose stack     at emitOne (events.js:77:13)
38 verbose stack     at Socket.emit (events.js:169:7)
38 verbose stack     at Pipe._onclose (net.js:486:12)
39 verbose cwd /Users/Arnold/Desktop/bootcamp/group-project/climb-on
40 error Darwin 15.6.0
41 error argv "/Users/Arnold/.meteor/packages/meteor-tool/.1.4.1_1.1h0re2h++os.osx.x86_64+web.browser+web.cordova/mt-os.osx.x86_64/dev_bundle/bin/node" "/Users/Arnold/.meteor/packages/meteor-tool/.1.4.1_1.1h0re2h++os.osx.x86_64+web.browser+web.cordova/mt-os.osx.x86_64/dev_bundle/bin/npm" "install" "--save" "react-pure-render/function"
42 error node v4.5.0
43 error npm  v3.10.6
44 error code 128
45 error Command failed: git clone --template=/Users/Arnold/.npm/_git-remotes/_templates --mirror git@github.com:react-pure-render/function.git /Users/Arnold/.npm/_git-remotes/git-github-com-react-pure-render-function-git-24f14fea
45 error Cloning into bare repository '/Users/Arnold/.npm/_git-remotes/git-github-com-react-pure-render-function-git-24f14fea'...
45 error ERROR: Repository not found.
45 error fatal: Could not read from remote repository.
45 error
45 error Please make sure you have the correct access rights
45 error and the repository exists.
46 error If you need help, you may report this error at:
46 error     <https://github.com/npm/npm/issues>
47 verbose exit [ 1, true ]
